<?xml version="1.0" encoding="UTF-8"?>
<!-- Generated by org.testng.reporters.JUnitReportReporter -->
<testsuite hostname="C575LXJ79267913" failures="0" tests="1" name="VestedFinanceProject.VestedFinanceProject.TestCaseTest" time="81.093" errors="0" timestamp="2022-10-18T22:26:21 JST" skipped="0">
  <testcase classname="VestedFinanceProject.VestedFinanceProject.TestCaseTest" name="testcase" time="81.093"/>
  <system-out/>
</testsuite> <!-- VestedFinanceProject.VestedFinanceProject.TestCaseTest -->
