<?xml version="1.0" encoding="UTF-8"?>
<!-- Generated by org.testng.reporters.JUnitReportReporter -->
<testsuite hostname="C575LXJ79267913" failures="0" tests="1" name="VestedFinanceProject.VestedFinanceProject.AppTest" time="0.007" errors="0" timestamp="2022-10-17T18:30:44 JST" skipped="0">
  <testcase classname="VestedFinanceProject.VestedFinanceProject.AppTest" name="pageclasses" time="0.007"/>
  <system-out/>
</testsuite> <!-- VestedFinanceProject.VestedFinanceProject.AppTest -->
